C:\Users\t3fur\Desktop\Viper Engine 1.4\Trainer\Release\CL.30824.read.1.tlog
C:\Users\t3fur\Desktop\Viper Engine 1.4\Trainer\Release\CL.30824.write.1.tlog
C:\Users\t3fur\Desktop\Viper Engine 1.4\Trainer\Release\CL.32004.read.1.tlog
C:\Users\t3fur\Desktop\Viper Engine 1.4\Trainer\Release\CL.32004.write.1.tlog
C:\Users\t3fur\Desktop\Viper Engine 1.4\Trainer\Release\cl.command.1.tlog
C:\Users\t3fur\Desktop\Viper Engine 1.4\Trainer\Release\CL.read.1.tlog
C:\Users\t3fur\Desktop\Viper Engine 1.4\Trainer\Release\cl.write.1.tlog
C:\Users\t3fur\Desktop\Viper Engine 1.4\Trainer\Release\link.command.1.tlog
C:\Users\t3fur\Desktop\Viper Engine 1.4\Trainer\Release\link.read.1.tlog
C:\Users\t3fur\Desktop\Viper Engine 1.4\Trainer\Release\link.write.1.tlog
C:\Users\t3fur\Desktop\Viper Engine 1.4\Trainer\Release\main.obj
C:\USERS\T3FUR\DESKTOP\VIPER ENGINE 1.4\TRAINER\RELEASE\TRAINER.DLL
C:\Users\t3fur\Desktop\Viper Engine 1.4\Trainer\Release\Trainer.exp
C:\Users\t3fur\Desktop\Viper Engine 1.4\Trainer\Release\Trainer.lib
C:\USERS\T3FUR\DESKTOP\VIPER ENGINE 1.4\TRAINER\RELEASE\TRAINER.PDB
C:\Users\t3fur\Desktop\Viper Engine 1.4\Trainer\Release\Trainer.vcxprojResolveAssemblyReference.cache
C:\Users\t3fur\Desktop\Viper Engine 1.4\Trainer\Release\Trainer.write.1.tlog
C:\Users\t3fur\Desktop\Viper Engine 1.4\Trainer\Release\Trainer.xdb
C:\Users\t3fur\Desktop\Viper Engine 1.4\Trainer\Release\Trainer.xex
C:\Users\t3fur\Desktop\Viper Engine 1.4\Trainer\Release\util.obj
C:\USERS\T3FUR\DESKTOP\VIPER ENGINE 1.4\TRAINER\RELEASE\VC100.PDB
